<?xml version="1.0" encoding="UTF-8"?>
<testsuite xmlns:xsi="http://www.w3.org/2001/XMLSchema-instance" xsi:noNamespaceSchemaLocation="https://maven.apache.org/surefire/maven-surefire-plugin/xsd/surefire-test-report.xsd" name="arrays.SearchTest" time="0.018" tests="8" errors="0" skipped="0" failures="0">
  <properties>
    <property name="gopherProxySet" value="false"/>
    <property name="awt.toolkit" value="sun.lwawt.macosx.LWCToolkit"/>
    <property name="java.specification.version" value="11"/>
    <property name="sun.cpu.isalist" value=""/>
    <property name="sun.jnu.encoding" value="UTF-8"/>
    <property name="java.class.path" value="/Users/thiagoandreqi/Documents/07 - git/javalgorithms/target/test-classes:/Users/thiagoandreqi/Documents/07 - git/javalgorithms/target/classes:/Users/thiagoandreqi/.m2/repository/org/junit/jupiter/junit-jupiter-engine/5.3.1/junit-jupiter-engine-5.3.1.jar:/Users/thiagoandreqi/.m2/repository/org/apiguardian/apiguardian-api/1.0.0/apiguardian-api-1.0.0.jar:/Users/thiagoandreqi/.m2/repository/org/junit/platform/junit-platform-engine/1.3.1/junit-platform-engine-1.3.1.jar:/Users/thiagoandreqi/.m2/repository/org/junit/platform/junit-platform-commons/1.3.1/junit-platform-commons-1.3.1.jar:/Users/thiagoandreqi/.m2/repository/org/opentest4j/opentest4j/1.1.1/opentest4j-1.1.1.jar:/Users/thiagoandreqi/.m2/repository/org/junit/jupiter/junit-jupiter-api/5.3.1/junit-jupiter-api-5.3.1.jar:/Users/thiagoandreqi/.m2/repository/org/junit/vintage/junit-vintage-engine/5.5.1/junit-vintage-engine-5.5.1.jar:/Users/thiagoandreqi/.m2/repository/junit/junit/4.12/junit-4.12.jar:/Users/thiagoandreqi/.m2/repository/org/hamcrest/hamcrest-core/1.3/hamcrest-core-1.3.jar:"/>
    <property name="java.vm.vendor" value="Oracle Corporation"/>
    <property name="sun.arch.data.model" value="64"/>
    <property name="java.vendor.url" value="http://java.oracle.com/"/>
    <property name="user.timezone" value="America/Fortaleza"/>
    <property name="java.vm.specification.version" value="11"/>
    <property name="os.name" value="Mac OS X"/>
    <property name="sun.java.launcher" value="SUN_STANDARD"/>
    <property name="user.country" value="BR"/>
    <property name="sun.boot.library.path" value="/Library/Java/JavaVirtualMachines/jdk-11.0.2.jdk/Contents/Home/lib"/>
    <property name="sun.java.command" value="/Users/thiagoandreqi/Documents/07 - git/javalgorithms/target/surefire/surefirebooter3506532410085888605.jar /Users/thiagoandreqi/Documents/07 - git/javalgorithms/target/surefire 2020-01-18T00-04-15_937-jvmRun1 surefire11664007226077989005tmp surefire_07865695338416995499tmp"/>
    <property name="http.nonProxyHosts" value="local|*.local|169.254/16|*.169.254/16"/>
    <property name="jdk.debug" value="release"/>
    <property name="surefire.test.class.path" value="/Users/thiagoandreqi/Documents/07 - git/javalgorithms/target/test-classes:/Users/thiagoandreqi/Documents/07 - git/javalgorithms/target/classes:/Users/thiagoandreqi/.m2/repository/org/junit/jupiter/junit-jupiter-engine/5.3.1/junit-jupiter-engine-5.3.1.jar:/Users/thiagoandreqi/.m2/repository/org/apiguardian/apiguardian-api/1.0.0/apiguardian-api-1.0.0.jar:/Users/thiagoandreqi/.m2/repository/org/junit/platform/junit-platform-engine/1.3.1/junit-platform-engine-1.3.1.jar:/Users/thiagoandreqi/.m2/repository/org/junit/platform/junit-platform-commons/1.3.1/junit-platform-commons-1.3.1.jar:/Users/thiagoandreqi/.m2/repository/org/opentest4j/opentest4j/1.1.1/opentest4j-1.1.1.jar:/Users/thiagoandreqi/.m2/repository/org/junit/jupiter/junit-jupiter-api/5.3.1/junit-jupiter-api-5.3.1.jar:/Users/thiagoandreqi/.m2/repository/org/junit/vintage/junit-vintage-engine/5.5.1/junit-vintage-engine-5.5.1.jar:/Users/thiagoandreqi/.m2/repository/junit/junit/4.12/junit-4.12.jar:/Users/thiagoandreqi/.m2/repository/org/hamcrest/hamcrest-core/1.3/hamcrest-core-1.3.jar:"/>
    <property name="sun.cpu.endian" value="little"/>
    <property name="user.home" value="/Users/thiagoandreqi"/>
    <property name="user.language" value="pt"/>
    <property name="java.specification.vendor" value="Oracle Corporation"/>
    <property name="java.version.date" value="2019-01-15"/>
    <property name="java.home" value="/Library/Java/JavaVirtualMachines/jdk-11.0.2.jdk/Contents/Home"/>
    <property name="file.separator" value="/"/>
    <property name="basedir" value="/Users/thiagoandreqi/Documents/07 - git/javalgorithms"/>
    <property name="java.vm.compressedOopsMode" value="Zero based"/>
    <property name="line.separator" value="&#10;"/>
    <property name="java.specification.name" value="Java Platform API Specification"/>
    <property name="java.vm.specification.vendor" value="Oracle Corporation"/>
    <property name="java.awt.graphicsenv" value="sun.awt.CGraphicsEnvironment"/>
    <property name="surefire.real.class.path" value="/Users/thiagoandreqi/Documents/07 - git/javalgorithms/target/surefire/surefirebooter3506532410085888605.jar"/>
    <property name="sun.management.compiler" value="HotSpot 64-Bit Tiered Compilers"/>
    <property name="ftp.nonProxyHosts" value="local|*.local|169.254/16|*.169.254/16"/>
    <property name="java.runtime.version" value="11.0.2+9-LTS"/>
    <property name="user.name" value="thiagoandreqi"/>
    <property name="path.separator" value=":"/>
    <property name="os.version" value="10.15.2"/>
    <property name="java.runtime.name" value="Java(TM) SE Runtime Environment"/>
    <property name="file.encoding" value="UTF-8"/>
    <property name="java.vm.name" value="Java HotSpot(TM) 64-Bit Server VM"/>
    <property name="java.vendor.version" value="18.9"/>
    <property name="localRepository" value="/Users/thiagoandreqi/.m2/repository"/>
    <property name="java.vendor.url.bug" value="http://bugreport.java.com/bugreport/"/>
    <property name="java.io.tmpdir" value="/var/folders/pb/_vg_071s0zd2y3l6y_p1bxnw0000gp/T/"/>
    <property name="java.version" value="11.0.2"/>
    <property name="user.dir" value="/Users/thiagoandreqi/Documents/07 - git/javalgorithms"/>
    <property name="os.arch" value="x86_64"/>
    <property name="java.vm.specification.name" value="Java Virtual Machine Specification"/>
    <property name="java.awt.printerjob" value="sun.lwawt.macosx.CPrinterJob"/>
    <property name="idea.version2019.3.1" value="true"/>
    <property name="sun.os.patch.level" value="unknown"/>
    <property name="java.library.path" value="/Users/thiagoandreqi/Library/Java/Extensions:/Library/Java/Extensions:/Network/Library/Java/Extensions:/System/Library/Java/Extensions:/usr/lib/java:."/>
    <property name="java.vendor" value="Oracle Corporation"/>
    <property name="java.vm.info" value="mixed mode"/>
    <property name="java.vm.version" value="11.0.2+9-LTS"/>
    <property name="sun.io.unicode.encoding" value="UnicodeBig"/>
    <property name="java.class.version" value="55.0"/>
    <property name="socksNonProxyHosts" value="local|*.local|169.254/16|*.169.254/16"/>
  </properties>
  <testcase name="positionReturnWithDiferenteValuesInArray_valuePositionModeOne" classname="arrays.SearchTest" time="0.002"/>
  <testcase name="positionReturnWithDiferenteValuesInArray_valuePositionModeTwo" classname="arrays.SearchTest" time="0.001"/>
  <testcase name="positionReturnWithEqualsValuesInArray_valuePositionModeOne" classname="arrays.SearchTest" time="0"/>
  <testcase name="positionReturnWithEqualsValuesInArray_valuePositionModeTwo" classname="arrays.SearchTest" time="0"/>
  <testcase name="positionReturnWithDiferenteValuesInArray_valuePositionModeThree" classname="arrays.SearchTest" time="0"/>
  <testcase name="positionReturnWithEqualsValuesInArray_valuePositionRecursive" classname="arrays.SearchTest" time="0"/>
  <testcase name="positionReturnWithEqualsValuesInArray_valuePositionModeThree" classname="arrays.SearchTest" time="0"/>
  <testcase name="positionReturnWithDiferenteValuesInArray_vvaluePositionRecursive" classname="arrays.SearchTest" time="0"/>
</testsuite>